<?xml version="1.0" encoding="UTF-8"?>
<!-- Generated by org.testng.reporters.JUnitReportReporter -->
<testsuite hostname="Alaa-Saber" failures="0" tests="3" name="Pages.OrderFlow" time="80.931" errors="0" timestamp="2022-04-10T04:52:48 EET" skipped="0">
  <testcase classname="Pages.OrderFlow" name="OrderConfirmedSuccessful" time="36.920"/>
  <system-out/>
  <testcase classname="Pages.OrderFlow" name="PayByBankWire" time="20.239"/>
  <system-out/>
  <testcase classname="Pages.OrderFlow" name="ConfirmOrderAddedToOrdersListSuccessful" time="23.772"/>
  <system-out/>
</testsuite> <!-- Pages.OrderFlow -->
