<?xml version="1.0" encoding="UTF-8"?>
<!-- Generated by org.testng.reporters.JUnitReportReporter -->
<testsuite hostname="Alaa-Saber" failures="0" tests="1" name="seleniumTask.OrderFlow" time="10.789" errors="0" timestamp="2022-04-09T00:46:59 EET" skipped="0">
  <testcase classname="seleniumTask.OrderFlow" name="beforeMethod" time="10.789"/>
  <system-out/>
</testsuite> <!-- seleniumTask.OrderFlow -->
