<?xml version="1.0" encoding="UTF-8"?>
<!-- Generated by org.testng.reporters.JUnitReportReporter -->
<testsuite hostname="Alaa-Saber" failures="0" tests="3" name="RestAPI.RestAPIs" time="2.611" errors="0" timestamp="2022-04-10T06:43:41 EET" skipped="0">
  <testcase classname="RestAPI.RestAPIs" name="getPostsByUserID" time="1.873"/>
  <system-out/>
  <testcase classname="RestAPI.RestAPIs" name="makePostWithUserID" time="0.486"/>
  <system-out/>
  <testcase classname="RestAPI.RestAPIs" name="printUserEmailFromID" time="0.252"/>
  <system-out/>
</testsuite> <!-- RestAPI.RestAPIs -->
