<?xml version="1.0" encoding="UTF-8"?>
<!-- Generated by org.testng.reporters.JUnitReportReporter -->
<testsuite hostname="Alaa-Saber" failures="0" tests="2" name="Pages.RegisterPageTests" time="12.660" errors="0" timestamp="2022-04-10T04:52:48 EET" skipped="0">
  <testcase classname="Pages.RegisterPageTests" name="CreatedAccSuccess" time="8.549"/>
  <system-out/>
  <testcase classname="Pages.RegisterPageTests" name="CreatedAccFail" time="4.111"/>
  <system-out/>
</testsuite> <!-- Pages.RegisterPageTests -->
