<?xml version="1.0" encoding="UTF-8"?>
<!-- Generated by org.testng.reporters.JUnitReportReporter -->
<testsuite hostname="Alaa-Saber" failures="0" tests="7" name="Pages.LoginPageTests" time="23.107" errors="0" timestamp="2022-04-10T04:52:48 EET" skipped="0">
  <testcase classname="Pages.LoginPageTests" name="createNewAccountWith_UnRegistered_Email" time="2.773"/>
  <system-out/>
  <testcase classname="Pages.LoginPageTests" name="logInWith_Valid_Email_Valid_Password" time="5.072"/>
  <system-out/>
  <testcase classname="Pages.LoginPageTests" name="logInWith_NO_Email_NO_Password" time="6.168"/>
  <system-out/>
  <testcase classname="Pages.LoginPageTests" name="createNewAccountWith_Registered_Email" time="1.789"/>
  <system-out/>
  <testcase classname="Pages.LoginPageTests" name="logInWith_Valid_Email_InValid_Password" time="2.099"/>
  <system-out/>
  <testcase classname="Pages.LoginPageTests" name="logInWith_In_Valid_Email_Valid_Password" time="2.675"/>
  <system-out/>
  <testcase classname="Pages.LoginPageTests" name="createNewAccountWith_InValid_Email_Format" time="2.531"/>
  <system-out/>
</testsuite> <!-- Pages.LoginPageTests -->
