<?xml version="1.0" encoding="UTF-8"?>
<!-- Generated by org.testng.reporters.JUnitReportReporter -->
<testsuite hostname="Alaa-Saber" failures="0" tests="7" name="Pages.LogInPage" time="26.901" errors="0" timestamp="2022-04-09T23:04:45 EET" skipped="0">
  <testcase classname="Pages.LogInPage" name="logInWith_Valid_Email_Valid_Password" time="12.649"/>
  <system-out/>
  <testcase classname="Pages.LogInPage" name="logInWith_NO_Email_NO_Password" time="2.330"/>
  <system-out/>
  <testcase classname="Pages.LogInPage" name="logInWith_In_Valid_Email_Valid_Password" time="2.714"/>
  <system-out/>
  <testcase classname="Pages.LogInPage" name="logInWith_Valid_Email_InValid_Password" time="2.330"/>
  <system-out/>
  <testcase classname="Pages.LogInPage" name="createNewAccountWith_Registered_Email" time="2.306"/>
  <system-out/>
  <testcase classname="Pages.LogInPage" name="createNewAccountWith_UnRegistered_Email" time="2.391"/>
  <system-out/>
  <testcase classname="Pages.LogInPage" name="createNewAccountWith_InValid_Email_Format" time="2.181"/>
  <system-out/>
</testsuite> <!-- Pages.LogInPage -->
