<?xml version="1.0" encoding="UTF-8"?>
<!-- Generated by org.testng.reporters.JUnitReportReporter -->
<testsuite hostname="Alaa-Saber" failures="0" tests="1" name="seleniumTask.RegisterPage" time="5.806" errors="0" timestamp="2022-04-08T06:35:29 EET" skipped="0">
  <testcase classname="seleniumTask.RegisterPage" name="FormCreatedSuccess" time="5.806"/>
  <system-out/>
</testsuite> <!-- seleniumTask.RegisterPage -->
