<?xml version="1.0" encoding="UTF-8"?>
<!-- Generated by org.testng.reporters.JUnitReportReporter -->
<testsuite hostname="Alaa-Saber" failures="0" tests="1" name="Pages.RegisterPage" time="3.942" errors="0" timestamp="2022-04-09T05:03:06 EET" skipped="0">
  <testcase classname="Pages.RegisterPage" name="FormCreatedSuccess" time="3.942"/>
  <system-out/>
</testsuite> <!-- Pages.RegisterPage -->
